c:\users\prusa\onedrive\desktop\new folder\gachasystem\namethisproject\debug\vc143.pdb
c:\users\prusa\onedrive\desktop\new folder\gachasystem\namethisproject\debug\vc143.idb
c:\users\prusa\onedrive\desktop\new folder\gachasystem\namethisproject\debug\get main teq buhan.obj
c:\users\prusa\onedrive\desktop\new folder\gachasystem\namethisproject\debug\teq buhan.obj
c:\users\prusa\onedrive\desktop\new folder\gachasystem\namethisproject\debug\pity - teq buhan.obj
c:\users\prusa\onedrive\desktop\new folder\gachasystem\namethisproject\debug\list - ssr.obj
c:\users\prusa\onedrive\desktop\new folder\gachasystem\namethisproject\debug\list - sr.obj
c:\users\prusa\onedrive\desktop\new folder\gachasystem\namethisproject\debug\list - r.obj
c:\users\prusa\onedrive\desktop\new folder\gachasystem\namethisproject\debug\confirmation.obj
c:\users\prusa\onedrive\desktop\new folder\gachasystem\namethisproject\debug\gachamainmenu.obj
c:\users\prusa\onedrive\desktop\new folder\gachasystem\namethisproject\debug\banner type menu.obj
c:\users\prusa\onedrive\desktop\new folder\gachasystem\namethisproject\debug\global variables.obj
c:\users\prusa\onedrive\desktop\new folder\gachasystem\debug\namethisproject.exe
c:\users\prusa\onedrive\desktop\new folder\gachasystem\debug\namethisproject.pdb
c:\users\prusa\onedrive\desktop\new folder\gachasystem\namethisproject\debug\namethisproject.ilk
c:\users\prusa\onedrive\desktop\new folder\gachasystem\namethisproject\debug\dragon stones.obj
c:\users\prusa\onedrive\desktop\new folder\gachasystem\namethisproject\debug\units.obj
c:\users\prusa\onedrive\desktop\new folder\gachasystem\namethisproject\debug\namethisproject.tlog\cl.command.1.tlog
c:\users\prusa\onedrive\desktop\new folder\gachasystem\namethisproject\debug\namethisproject.tlog\cl.items.tlog
c:\users\prusa\onedrive\desktop\new folder\gachasystem\namethisproject\debug\namethisproject.tlog\cl.read.1.tlog
c:\users\prusa\onedrive\desktop\new folder\gachasystem\namethisproject\debug\namethisproject.tlog\cl.write.1.tlog
c:\users\prusa\onedrive\desktop\new folder\gachasystem\namethisproject\debug\namethisproject.tlog\link-cvtres.read.1.tlog
c:\users\prusa\onedrive\desktop\new folder\gachasystem\namethisproject\debug\namethisproject.tlog\link-cvtres.write.1.tlog
c:\users\prusa\onedrive\desktop\new folder\gachasystem\namethisproject\debug\namethisproject.tlog\link-rc.read.1.tlog
c:\users\prusa\onedrive\desktop\new folder\gachasystem\namethisproject\debug\namethisproject.tlog\link-rc.write.1.tlog
c:\users\prusa\onedrive\desktop\new folder\gachasystem\namethisproject\debug\namethisproject.tlog\link.14660-cvtres.read.1.tlog
c:\users\prusa\onedrive\desktop\new folder\gachasystem\namethisproject\debug\namethisproject.tlog\link.14660-cvtres.write.1.tlog
c:\users\prusa\onedrive\desktop\new folder\gachasystem\namethisproject\debug\namethisproject.tlog\link.14660-rc.read.1.tlog
c:\users\prusa\onedrive\desktop\new folder\gachasystem\namethisproject\debug\namethisproject.tlog\link.14660-rc.write.1.tlog
c:\users\prusa\onedrive\desktop\new folder\gachasystem\namethisproject\debug\namethisproject.tlog\link.14660.read.1.tlog
c:\users\prusa\onedrive\desktop\new folder\gachasystem\namethisproject\debug\namethisproject.tlog\link.14660.write.1.tlog
c:\users\prusa\onedrive\desktop\new folder\gachasystem\namethisproject\debug\namethisproject.tlog\link.command.1.tlog
c:\users\prusa\onedrive\desktop\new folder\gachasystem\namethisproject\debug\namethisproject.tlog\link.read.1.tlog
c:\users\prusa\onedrive\desktop\new folder\gachasystem\namethisproject\debug\namethisproject.tlog\link.secondary.1.tlog
c:\users\prusa\onedrive\desktop\new folder\gachasystem\namethisproject\debug\namethisproject.tlog\link.write.1.tlog
